- - - - - - - - - - - - - - - - - - - - - - - ------------------------------------------------
Genesis 1.3 output start
(Version 1.0 Unix)

Input file name:  0.in                          

 $newrun
 aw0   =  1.000000D+00
 xkx   =  0.000000D+00
 xky   =  1.000000D+00
 wcoefz=  0.000000D+00   0.000000D+00   0.000000D+00
 xlamd =  2.500000D-02
 fbess0=  0.000000D+00
 delaw =  0.000000D+00
 iertyp=    0
 iwityp=    0
 awd   =  1.000000D+00
 awx   =  0.000000D+00
 awy   =  0.000000D+00
 iseed =   -1
 npart =  17600
 gamma0=  2.649200D+02
 delgam=  1.331000D-02
 rxbeam=  2.135400D-04
 rybeam=  1.115300D-04
 alphax= -1.932100D-01
 alphay=  1.765900D-01
 emitx =  3.000000D-06
 emity =  3.000000D-06
 xbeam =  0.000000D+00
 ybeam =  0.000000D+00
 pxbeam=  0.000000D+00
 pybeam=  0.000000D+00
 conditx =  0.000000D+00
 condity =  0.000000D+00
 bunch =  0.000000D+00
 bunchphase =  0.000000D+00
 emod =  0.000000D+00
 emodphase =  0.000000D+00
 xlamds=  3.580000D-07
 prad0 =  0.000000D+00
 pradh0=  0.000000D+00
 zrayl =  1.000000D+00
 zwaist=  0.000000D+00
 ncar  =  151
 lbc   =    0
 rmax0 =  9.000000D+00
 dgrid =  0.000000D+00
 nscr  =    0
 nscz  =    0
 nptr  =   40
 nwig  =    1
 zsep  =  4.000000D+01
 delz  =  1.000000D+00
 nsec  =    1
 iorb  =    0
 zstop = -1.000000D+00
 magin =    0
 magout=    0
 quadf =  0.000000D+00
 quadd =  0.000000D+00
 fl    =  0.000000D+00
 dl    =  0.000000D+00
 drl   =  0.000000D+00
 f1st  =  0.000000D+00
 qfdx  =  0.000000D+00
 qfdy  =  0.000000D+00
 solen =  0.000000D+00
 sl    =  0.000000D+00
 ildgam=    5
 ildpsi=    7
 ildx  =    1
 ildy  =    2
 ildpx =    3
 ildpy =    4
 itgaus=    1
 nbins =   22
 igamgaus =    1
 inverfc =    0
 lout  = 1 1 1 1 1 0 1 1 1 1 1 0 0 0 0 0 0 0 0
 0 0
 iphsty=    1
 ishsty=    1
 ippart=    0
 ispart=    0
 ipradi=    0
 isradi=    0
 idump =    0
 iotail=    1
 nharm =    1
 iallharm =    0
 iharmsc =    0
 curpeak=  0.000000D+00
 curlen=  6.000000D-04
 ntail = -125
 nslice=  250
 shotnoise=  1.000000D+00
 isntyp=    0
 iall  =    0
 itdp  =    0
 ipseed=   -1
 iscan =    0
 nscan =    3
 svar  =  1.000000D-02
 isravg=    0
 isrsig=    0
 cuttail= -1.000000D+00
 eloss =  0.000000D+00
 version=  1.000000D-01
 ndcut =   -1
 idmpfld=    0
 idmppar=    1
 ilog  =    0
 ffspec=    0
 convharm=    1
 ibfield=  0.000000D+00
 imagl=    0.000000D+00
 idril=    0.000000D+00
 alignradf=    0
 offsetradf=    0
 multconv=    0
 igamref=  0.000000D+00
 rmax0sc=  0.000000D+00
 iscrkup=    0
 trama=    0
 itram11=  1.000000D+00
 itram12=  0.000000D+00
 itram13=  0.000000D+00
 itram14=  0.000000D+00
 itram15=  0.000000D+00
 itram16=  0.000000D+00
 itram21=  0.000000D+00
 itram22=  1.000000D+00
 itram23=  0.000000D+00
 itram24=  0.000000D+00
 itram25=  0.000000D+00
 itram26=  0.000000D+00
 itram31=  0.000000D+00
 itram32=  0.000000D+00
 itram33=  1.000000D+00
 itram34=  0.000000D+00
 itram35=  0.000000D+00
 itram36=  0.000000D+00
 itram41=  0.000000D+00
 itram42=  0.000000D+00
 itram43=  0.000000D+00
 itram44=  1.000000D+00
 itram45=  0.000000D+00
 itram46=  0.000000D+00
 itram51=  0.000000D+00
 itram52=  0.000000D+00
 itram53=  0.000000D+00
 itram54=  0.000000D+00
 itram55=  1.000000D+00
 itram56=  0.000000D+00
 itram61=  0.000000D+00
 itram62=  0.000000D+00
 itram63=  0.000000D+00
 itram64=  0.000000D+00
 itram65=  0.000000D+00
 itram66=  1.000000D+00
 outputfile ='0.out'
 filetype ='ORIGINAL'
 $end
flags for output parameter
 1 1 1 1 1 0 1 1 1 1 1 0 0 0 0 0 0 0 0 0 0
    2 entries per record
    1 history records
    0.3580E-06 wavelength
    0.3580E-06 seperation of output slices
  151 number of gridpoints
    0.3471E-04 meshsize
  17600 number of particles
    0 particle: records in z
    0 particle: records in t
    0 field: records in z
    0 field: records in t
    z[m]          aw            qfld      
    0.0000E+00    1.0000E+00    0.0000E+00
    2.5000E-02    1.0000E+00    0.0000E+00

********** output: slice     1
           =================
     0.0000E+00 current


    power         increment     p_mid         phi_mid       r_size        energy        bunching      xrms          yrms          error     
    0.0000E+00    0.0000E+00    0.0000E+00    0.0000E+00    0.0000E+00   -7.1054E-17    9.3178E-16    2.1354E-04    1.1153E-04    0.0000E+00
    0.0000E+00    0.0000E+00    0.0000E+00    0.0000E+00    0.0000E+00   -7.1054E-17    1.1493E-15    2.1380E-04    1.1108E-04    0.0000E+00
